{"asctime": "2025-06-03 15:31:22", "name": "root", "levelname": "INFO", "pathname": "C:\\Users\\11459\\Documents\\GitHub\\mcpy-lens\\src\\mcpy_lens\\logging_config.py", "lineno": 124, "message": "Logging configured: level=INFO, file_logging=True"}
{"asctime": "2025-06-03 15:31:46", "name": "root", "levelname": "INFO", "pathname": "C:\\Users\\11459\\Documents\\GitHub\\mcpy-lens\\src\\mcpy_lens\\logging_config.py", "lineno": 124, "message": "Logging configured: level=INFO, file_logging=True"}
{"asctime": "2025-06-03 15:33:32", "name": "root", "levelname": "INFO", "pathname": "C:\\Users\\11459\\Documents\\GitHub\\mcpy-lens\\src\\mcpy_lens\\logging_config.py", "lineno": 124, "message": "Logging configured: level=INFO, file_logging=True"}
{"asctime": "2025-06-03 15:34:50", "name": "root", "levelname": "INFO", "pathname": "C:\\Users\\11459\\Documents\\GitHub\\mcpy-lens\\src\\mcpy_lens\\logging_config.py", "lineno": 124, "message": "Logging configured: level=INFO, file_logging=True"}
{"asctime": "2025-06-03 15:35:43", "name": "root", "levelname": "INFO", "pathname": "C:\\Users\\11459\\Documents\\GitHub\\mcpy-lens\\src\\mcpy_lens\\logging_config.py", "lineno": 124, "message": "Logging configured: level=INFO, file_logging=True"}
{"asctime": "2025-06-03 15:40:06", "name": "root", "levelname": "INFO", "pathname": "C:\\Users\\11459\\Documents\\GitHub\\mcpy-lens\\src\\mcpy_lens\\logging_config.py", "lineno": 124, "message": "Logging configured: level=INFO, file_logging=True"}
{"asctime": "2025-06-03 15:40:06", "name": "root", "levelname": "INFO", "pathname": "C:\\Users\\11459\\Documents\\GitHub\\mcpy-lens\\src\\mcpy_lens\\logging_config.py", "lineno": 124, "message": "Logging configured: level=INFO, file_logging=True"}
{"asctime": "2025-06-03 15:40:06", "name": "mcpy_lens.config", "levelname": "INFO", "pathname": "C:\\Users\\11459\\Documents\\GitHub\\mcpy-lens\\src\\mcpy_lens\\config.py", "lineno": 65, "message": "Ensured directory exists: data"}
{"asctime": "2025-06-03 15:40:06", "name": "mcpy_lens.config", "levelname": "INFO", "pathname": "C:\\Users\\11459\\Documents\\GitHub\\mcpy-lens\\src\\mcpy_lens\\config.py", "lineno": 65, "message": "Ensured directory exists: data\\uploaded_scripts"}
{"asctime": "2025-06-03 15:40:06", "name": "mcpy_lens.config", "levelname": "INFO", "pathname": "C:\\Users\\11459\\Documents\\GitHub\\mcpy-lens\\src\\mcpy_lens\\config.py", "lineno": 65, "message": "Ensured directory exists: data\\wrappers"}
{"asctime": "2025-06-03 15:40:06", "name": "mcpy_lens.config", "levelname": "INFO", "pathname": "C:\\Users\\11459\\Documents\\GitHub\\mcpy-lens\\src\\mcpy_lens\\config.py", "lineno": 65, "message": "Ensured directory exists: data\\metadata"}
{"asctime": "2025-06-03 15:40:06", "name": "mcpy_lens.config", "levelname": "INFO", "pathname": "C:\\Users\\11459\\Documents\\GitHub\\mcpy-lens\\src\\mcpy_lens\\config.py", "lineno": 65, "message": "Ensured directory exists: data\\services"}
{"asctime": "2025-06-03 15:40:06", "name": "mcpy_lens.config", "levelname": "INFO", "pathname": "C:\\Users\\11459\\Documents\\GitHub\\mcpy-lens\\src\\mcpy_lens\\config.py", "lineno": 65, "message": "Ensured directory exists: data\\logs"}
{"asctime": "2025-06-03 15:40:06", "name": "mcpy_lens.config", "levelname": "INFO", "pathname": "C:\\Users\\11459\\Documents\\GitHub\\mcpy-lens\\src\\mcpy_lens\\config.py", "lineno": 97, "message": "All directories validated successfully"}
{"asctime": "2025-06-03 15:40:06", "name": "root", "levelname": "INFO", "pathname": "C:\\Users\\11459\\Documents\\GitHub\\mcpy-lens\\src\\mcpy_lens\\app.py", "lineno": 37, "message": "mcpy-lens application started successfully"}
{"asctime": "2025-06-03 15:49:37", "name": "root", "levelname": "INFO", "pathname": "C:\\Users\\11459\\Documents\\GitHub\\mcpy-lens\\src\\mcpy_lens\\routing.py", "lineno": 180, "message": "Route manager cleanup completed", "services_count": 0}
{"asctime": "2025-06-03 15:49:37", "name": "root", "levelname": "INFO", "pathname": "C:\\Users\\11459\\Documents\\GitHub\\mcpy-lens\\src\\mcpy_lens\\app.py", "lineno": 45, "message": "mcpy-lens application shutdown complete"}
{"asctime": "2025-06-03 15:49:39", "name": "root", "levelname": "INFO", "pathname": "C:\\Users\\11459\\Documents\\GitHub\\mcpy-lens\\src\\mcpy_lens\\logging_config.py", "lineno": 124, "message": "Logging configured: level=INFO, file_logging=True"}
{"asctime": "2025-06-03 15:49:39", "name": "mcpy_lens.config", "levelname": "INFO", "pathname": "C:\\Users\\11459\\Documents\\GitHub\\mcpy-lens\\src\\mcpy_lens\\config.py", "lineno": 65, "message": "Ensured directory exists: data"}
{"asctime": "2025-06-03 15:49:39", "name": "mcpy_lens.config", "levelname": "INFO", "pathname": "C:\\Users\\11459\\Documents\\GitHub\\mcpy-lens\\src\\mcpy_lens\\config.py", "lineno": 65, "message": "Ensured directory exists: data\\uploaded_scripts"}
{"asctime": "2025-06-03 15:49:39", "name": "mcpy_lens.config", "levelname": "INFO", "pathname": "C:\\Users\\11459\\Documents\\GitHub\\mcpy-lens\\src\\mcpy_lens\\config.py", "lineno": 65, "message": "Ensured directory exists: data\\wrappers"}
{"asctime": "2025-06-03 15:49:39", "name": "mcpy_lens.config", "levelname": "INFO", "pathname": "C:\\Users\\11459\\Documents\\GitHub\\mcpy-lens\\src\\mcpy_lens\\config.py", "lineno": 65, "message": "Ensured directory exists: data\\metadata"}
{"asctime": "2025-06-03 15:49:39", "name": "mcpy_lens.config", "levelname": "INFO", "pathname": "C:\\Users\\11459\\Documents\\GitHub\\mcpy-lens\\src\\mcpy_lens\\config.py", "lineno": 65, "message": "Ensured directory exists: data\\services"}
{"asctime": "2025-06-03 15:49:39", "name": "mcpy_lens.config", "levelname": "INFO", "pathname": "C:\\Users\\11459\\Documents\\GitHub\\mcpy-lens\\src\\mcpy_lens\\config.py", "lineno": 65, "message": "Ensured directory exists: data\\logs"}
{"asctime": "2025-06-03 15:49:39", "name": "mcpy_lens.config", "levelname": "INFO", "pathname": "C:\\Users\\11459\\Documents\\GitHub\\mcpy-lens\\src\\mcpy_lens\\config.py", "lineno": 97, "message": "All directories validated successfully"}
{"asctime": "2025-06-03 15:49:39", "name": "root", "levelname": "INFO", "pathname": "C:\\Users\\11459\\Documents\\GitHub\\mcpy-lens\\src\\mcpy_lens\\app.py", "lineno": 37, "message": "mcpy-lens application started successfully"}
{"asctime": "2025-06-03 15:49:46", "name": "root", "levelname": "INFO", "pathname": "C:\\Users\\11459\\Documents\\GitHub\\mcpy-lens\\src\\mcpy_lens\\routing.py", "lineno": 180, "message": "Route manager cleanup completed", "services_count": 0}
{"asctime": "2025-06-03 15:49:46", "name": "root", "levelname": "INFO", "pathname": "C:\\Users\\11459\\Documents\\GitHub\\mcpy-lens\\src\\mcpy_lens\\app.py", "lineno": 45, "message": "mcpy-lens application shutdown complete"}
{"asctime": "2025-06-03 15:50:19", "name": "root", "levelname": "INFO", "pathname": "C:\\Users\\11459\\Documents\\GitHub\\mcpy-lens\\src\\mcpy_lens\\logging_config.py", "lineno": 124, "message": "Logging configured: level=INFO, file_logging=True"}
{"asctime": "2025-06-03 15:50:19", "name": "mcpy_lens.config", "levelname": "INFO", "pathname": "C:\\Users\\11459\\Documents\\GitHub\\mcpy-lens\\src\\mcpy_lens\\config.py", "lineno": 65, "message": "Ensured directory exists: data"}
{"asctime": "2025-06-03 15:50:19", "name": "mcpy_lens.config", "levelname": "INFO", "pathname": "C:\\Users\\11459\\Documents\\GitHub\\mcpy-lens\\src\\mcpy_lens\\config.py", "lineno": 65, "message": "Ensured directory exists: data\\uploaded_scripts"}
{"asctime": "2025-06-03 15:50:19", "name": "mcpy_lens.config", "levelname": "INFO", "pathname": "C:\\Users\\11459\\Documents\\GitHub\\mcpy-lens\\src\\mcpy_lens\\config.py", "lineno": 65, "message": "Ensured directory exists: data\\wrappers"}
{"asctime": "2025-06-03 15:50:19", "name": "mcpy_lens.config", "levelname": "INFO", "pathname": "C:\\Users\\11459\\Documents\\GitHub\\mcpy-lens\\src\\mcpy_lens\\config.py", "lineno": 65, "message": "Ensured directory exists: data\\metadata"}
{"asctime": "2025-06-03 15:50:19", "name": "mcpy_lens.config", "levelname": "INFO", "pathname": "C:\\Users\\11459\\Documents\\GitHub\\mcpy-lens\\src\\mcpy_lens\\config.py", "lineno": 65, "message": "Ensured directory exists: data\\services"}
{"asctime": "2025-06-03 15:50:19", "name": "mcpy_lens.config", "levelname": "INFO", "pathname": "C:\\Users\\11459\\Documents\\GitHub\\mcpy-lens\\src\\mcpy_lens\\config.py", "lineno": 65, "message": "Ensured directory exists: data\\logs"}
{"asctime": "2025-06-03 15:50:19", "name": "mcpy_lens.config", "levelname": "INFO", "pathname": "C:\\Users\\11459\\Documents\\GitHub\\mcpy-lens\\src\\mcpy_lens\\config.py", "lineno": 97, "message": "All directories validated successfully"}
{"asctime": "2025-06-03 15:50:19", "name": "root", "levelname": "INFO", "pathname": "C:\\Users\\11459\\Documents\\GitHub\\mcpy-lens\\src\\mcpy_lens\\app.py", "lineno": 37, "message": "mcpy-lens application started successfully"}
{"asctime": "2025-06-03 15:50:33", "name": "root", "levelname": "INFO", "pathname": "C:\\Users\\11459\\Documents\\GitHub\\mcpy-lens\\src\\mcpy_lens\\routing.py", "lineno": 180, "message": "Route manager cleanup completed", "services_count": 0}
{"asctime": "2025-06-03 15:50:33", "name": "root", "levelname": "INFO", "pathname": "C:\\Users\\11459\\Documents\\GitHub\\mcpy-lens\\src\\mcpy_lens\\app.py", "lineno": 45, "message": "mcpy-lens application shutdown complete"}
{"asctime": "2025-06-03 15:50:34", "name": "root", "levelname": "INFO", "pathname": "C:\\Users\\11459\\Documents\\GitHub\\mcpy-lens\\src\\mcpy_lens\\logging_config.py", "lineno": 124, "message": "Logging configured: level=INFO, file_logging=True"}
{"asctime": "2025-06-03 15:50:34", "name": "mcpy_lens.config", "levelname": "INFO", "pathname": "C:\\Users\\11459\\Documents\\GitHub\\mcpy-lens\\src\\mcpy_lens\\config.py", "lineno": 65, "message": "Ensured directory exists: data"}
{"asctime": "2025-06-03 15:50:34", "name": "mcpy_lens.config", "levelname": "INFO", "pathname": "C:\\Users\\11459\\Documents\\GitHub\\mcpy-lens\\src\\mcpy_lens\\config.py", "lineno": 65, "message": "Ensured directory exists: data\\uploaded_scripts"}
{"asctime": "2025-06-03 15:50:34", "name": "mcpy_lens.config", "levelname": "INFO", "pathname": "C:\\Users\\11459\\Documents\\GitHub\\mcpy-lens\\src\\mcpy_lens\\config.py", "lineno": 65, "message": "Ensured directory exists: data\\wrappers"}
{"asctime": "2025-06-03 15:50:34", "name": "mcpy_lens.config", "levelname": "INFO", "pathname": "C:\\Users\\11459\\Documents\\GitHub\\mcpy-lens\\src\\mcpy_lens\\config.py", "lineno": 65, "message": "Ensured directory exists: data\\metadata"}
{"asctime": "2025-06-03 15:50:34", "name": "mcpy_lens.config", "levelname": "INFO", "pathname": "C:\\Users\\11459\\Documents\\GitHub\\mcpy-lens\\src\\mcpy_lens\\config.py", "lineno": 65, "message": "Ensured directory exists: data\\services"}
{"asctime": "2025-06-03 15:50:34", "name": "mcpy_lens.config", "levelname": "INFO", "pathname": "C:\\Users\\11459\\Documents\\GitHub\\mcpy-lens\\src\\mcpy_lens\\config.py", "lineno": 65, "message": "Ensured directory exists: data\\logs"}
{"asctime": "2025-06-03 15:50:34", "name": "mcpy_lens.config", "levelname": "INFO", "pathname": "C:\\Users\\11459\\Documents\\GitHub\\mcpy-lens\\src\\mcpy_lens\\config.py", "lineno": 97, "message": "All directories validated successfully"}
{"asctime": "2025-06-03 15:50:34", "name": "root", "levelname": "INFO", "pathname": "C:\\Users\\11459\\Documents\\GitHub\\mcpy-lens\\src\\mcpy_lens\\app.py", "lineno": 37, "message": "mcpy-lens application started successfully"}
{"asctime": "2025-06-03 15:57:49", "name": "root", "levelname": "INFO", "pathname": "C:\\Users\\11459\\Documents\\GitHub\\mcpy-lens\\src\\mcpy_lens\\routing.py", "lineno": 180, "message": "Route manager cleanup completed", "services_count": 0}
{"asctime": "2025-06-03 15:57:49", "name": "root", "levelname": "INFO", "pathname": "C:\\Users\\11459\\Documents\\GitHub\\mcpy-lens\\src\\mcpy_lens\\app.py", "lineno": 45, "message": "mcpy-lens application shutdown complete"}
